[15-Jan-2023 15:44:10 UTC] Xdebug: [Step Debug] Time-out connecting to debugging client, waited: 200 ms. Tried: localhost:9003 (fallback through xdebug.client_host/xdebug.client_port) :-(
[15-Jan-2023 15:44:10 UTC] Xdebug: [Step Debug] Time-out connecting to debugging client, waited: 200 ms. Tried: localhost:9003 (fallback through xdebug.client_host/xdebug.client_port) :-(
[15-Jan-2023 15:44:10 UTC] Xdebug: [Step Debug] Time-out connecting to debugging client, waited: 200 ms. Tried: localhost:9003 (fallback through xdebug.client_host/xdebug.client_port) :-(
[15-Jan-2023 15:44:11 UTC] Xdebug: [Step Debug] Time-out connecting to debugging client, waited: 200 ms. Tried: localhost:9003 (fallback through xdebug.client_host/xdebug.client_port) :-(
[15-Jan-2023 15:44:11 UTC] Xdebug: [Step Debug] Time-out connecting to debugging client, waited: 200 ms. Tried: localhost:9003 (fallback through xdebug.client_host/xdebug.client_port) :-(
[15-Jan-2023 15:44:11 UTC] Xdebug: [Step Debug] Time-out connecting to debugging client, waited: 200 ms. Tried: localhost:9003 (fallback through xdebug.client_host/xdebug.client_port) :-(
[15-Jan-2023 15:44:12 UTC] Xdebug: [Step Debug] Time-out connecting to debugging client, waited: 200 ms. Tried: localhost:9003 (fallback through xdebug.client_host/xdebug.client_port) :-(
[15-Jan-2023 15:44:12 UTC] Xdebug: [Step Debug] Time-out connecting to debugging client, waited: 200 ms. Tried: localhost:9003 (fallback through xdebug.client_host/xdebug.client_port) :-(
[15-Jan-2023 15:44:12 UTC] Xdebug: [Step Debug] Time-out connecting to debugging client, waited: 200 ms. Tried: localhost:9003 (fallback through xdebug.client_host/xdebug.client_port) :-(
[15-Jan-2023 15:44:12 UTC] Xdebug: [Step Debug] Time-out connecting to debugging client, waited: 200 ms. Tried: localhost:9003 (fallback through xdebug.client_host/xdebug.client_port) :-(
[15-Jan-2023 15:44:12 UTC] Xdebug: [Step Debug] Time-out connecting to debugging client, waited: 200 ms. Tried: localhost:9003 (fallback through xdebug.client_host/xdebug.client_port) :-(
[15-Jan-2023 15:44:13 UTC] Xdebug: [Step Debug] Time-out connecting to debugging client, waited: 200 ms. Tried: localhost:9003 (fallback through xdebug.client_host/xdebug.client_port) :-(
[15-Jan-2023 15:44:13 UTC] Xdebug: [Step Debug] Time-out connecting to debugging client, waited: 200 ms. Tried: localhost:9003 (fallback through xdebug.client_host/xdebug.client_port) :-(
[15-Jan-2023 15:44:13 UTC] Xdebug: [Step Debug] Time-out connecting to debugging client, waited: 200 ms. Tried: localhost:9003 (fallback through xdebug.client_host/xdebug.client_port) :-(
[15-Jan-2023 15:44:16 UTC] Xdebug: [Step Debug] Time-out connecting to debugging client, waited: 200 ms. Tried: localhost:9003 (fallback through xdebug.client_host/xdebug.client_port) :-(
[15-Jan-2023 15:44:16 UTC] Xdebug: [Step Debug] Time-out connecting to debugging client, waited: 200 ms. Tried: localhost:9003 (fallback through xdebug.client_host/xdebug.client_port) :-(
[15-Jan-2023 15:44:16 UTC] Xdebug: [Step Debug] Time-out connecting to debugging client, waited: 200 ms. Tried: localhost:9003 (fallback through xdebug.client_host/xdebug.client_port) :-(
[15-Jan-2023 15:44:16 UTC] Xdebug: [Step Debug] Time-out connecting to debugging client, waited: 200 ms. Tried: localhost:9003 (fallback through xdebug.client_host/xdebug.client_port) :-(
[15-Jan-2023 15:44:16 UTC] Xdebug: [Step Debug] Time-out connecting to debugging client, waited: 200 ms. Tried: localhost:9003 (fallback through xdebug.client_host/xdebug.client_port) :-(
[15-Jan-2023 15:44:16 UTC] Xdebug: [Step Debug] Time-out connecting to debugging client, waited: 200 ms. Tried: localhost:9003 (fallback through xdebug.client_host/xdebug.client_port) :-(
[15-Jan-2023 15:44:19 UTC] Xdebug: [Step Debug] Time-out connecting to debugging client, waited: 200 ms. Tried: localhost:9003 (fallback through xdebug.client_host/xdebug.client_port) :-(
[15-Jan-2023 15:44:20 UTC] Xdebug: [Step Debug] Time-out connecting to debugging client, waited: 200 ms. Tried: localhost:9003 (fallback through xdebug.client_host/xdebug.client_port) :-(
[15-Jan-2023 15:44:20 UTC] Xdebug: [Step Debug] Time-out connecting to debugging client, waited: 200 ms. Tried: localhost:9003 (fallback through xdebug.client_host/xdebug.client_port) :-(
[15-Jan-2023 15:44:20 UTC] Xdebug: [Step Debug] Time-out connecting to debugging client, waited: 200 ms. Tried: localhost:9003 (fallback through xdebug.client_host/xdebug.client_port) :-(
[15-Jan-2023 15:44:20 UTC] Xdebug: [Step Debug] Time-out connecting to debugging client, waited: 200 ms. Tried: localhost:9003 (fallback through xdebug.client_host/xdebug.client_port) :-(
[15-Jan-2023 15:44:20 UTC] Xdebug: [Step Debug] Time-out connecting to debugging client, waited: 200 ms. Tried: localhost:9003 (fallback through xdebug.client_host/xdebug.client_port) :-(
[15-Jan-2023 15:44:20 UTC] Xdebug: [Step Debug] Time-out connecting to debugging client, waited: 200 ms. Tried: localhost:9003 (fallback through xdebug.client_host/xdebug.client_port) :-(
[15-Jan-2023 15:44:21 UTC] Xdebug: [Step Debug] Time-out connecting to debugging client, waited: 200 ms. Tried: localhost:9003 (fallback through xdebug.client_host/xdebug.client_port) :-(
[15-Jan-2023 15:44:21 UTC] Xdebug: [Step Debug] Time-out connecting to debugging client, waited: 200 ms. Tried: localhost:9003 (fallback through xdebug.client_host/xdebug.client_port) :-(
[15-Jan-2023 15:44:21 UTC] Xdebug: [Step Debug] Time-out connecting to debugging client, waited: 200 ms. Tried: localhost:9003 (fallback through xdebug.client_host/xdebug.client_port) :-(
[15-Jan-2023 15:44:21 UTC] Xdebug: [Step Debug] Time-out connecting to debugging client, waited: 200 ms. Tried: localhost:9003 (fallback through xdebug.client_host/xdebug.client_port) :-(
[15-Jan-2023 15:44:21 UTC] Xdebug: [Step Debug] Time-out connecting to debugging client, waited: 200 ms. Tried: localhost:9003 (fallback through xdebug.client_host/xdebug.client_port) :-(
[15-Jan-2023 15:44:21 UTC] Xdebug: [Step Debug] Time-out connecting to debugging client, waited: 200 ms. Tried: localhost:9003 (fallback through xdebug.client_host/xdebug.client_port) :-(
[15-Jan-2023 15:44:21 UTC] Xdebug: [Step Debug] Time-out connecting to debugging client, waited: 200 ms. Tried: localhost:9003 (fallback through xdebug.client_host/xdebug.client_port) :-(
[15-Jan-2023 15:44:21 UTC] Xdebug: [Step Debug] Time-out connecting to debugging client, waited: 200 ms. Tried: localhost:9003 (fallback through xdebug.client_host/xdebug.client_port) :-(
[15-Jan-2023 15:44:22 UTC] Xdebug: [Step Debug] Time-out connecting to debugging client, waited: 200 ms. Tried: localhost:9003 (fallback through xdebug.client_host/xdebug.client_port) :-(
[15-Jan-2023 15:44:22 UTC] Xdebug: [Step Debug] Time-out connecting to debugging client, waited: 200 ms. Tried: localhost:9003 (fallback through xdebug.client_host/xdebug.client_port) :-(
[15-Jan-2023 15:44:22 UTC] Xdebug: [Step Debug] Time-out connecting to debugging client, waited: 200 ms. Tried: localhost:9003 (fallback through xdebug.client_host/xdebug.client_port) :-(
[15-Jan-2023 15:44:22 UTC] Xdebug: [Step Debug] Time-out connecting to debugging client, waited: 200 ms. Tried: localhost:9003 (fallback through xdebug.client_host/xdebug.client_port) :-(
[15-Jan-2023 15:44:22 UTC] Xdebug: [Step Debug] Time-out connecting to debugging client, waited: 200 ms. Tried: localhost:9003 (fallback through xdebug.client_host/xdebug.client_port) :-(
[15-Jan-2023 15:44:22 UTC] Xdebug: [Step Debug] Time-out connecting to debugging client, waited: 200 ms. Tried: localhost:9003 (fallback through xdebug.client_host/xdebug.client_port) :-(
[15-Jan-2023 15:44:23 UTC] Xdebug: [Step Debug] Time-out connecting to debugging client, waited: 200 ms. Tried: localhost:9003 (fallback through xdebug.client_host/xdebug.client_port) :-(
[15-Jan-2023 15:45:52 UTC] Xdebug: [Step Debug] Time-out connecting to debugging client, waited: 200 ms. Tried: localhost:9003 (fallback through xdebug.client_host/xdebug.client_port) :-(
[15-Jan-2023 15:45:53 UTC] Xdebug: [Step Debug] Time-out connecting to debugging client, waited: 200 ms. Tried: localhost:9003 (fallback through xdebug.client_host/xdebug.client_port) :-(
[15-Jan-2023 15:45:56 UTC] Xdebug: [Step Debug] Time-out connecting to debugging client, waited: 200 ms. Tried: localhost:9003 (fallback through xdebug.client_host/xdebug.client_port) :-(
[15-Jan-2023 15:45:56 UTC] Xdebug: [Step Debug] Time-out connecting to debugging client, waited: 200 ms. Tried: localhost:9003 (fallback through xdebug.client_host/xdebug.client_port) :-(
[15-Jan-2023 15:56:38 UTC] Xdebug: [Step Debug] Time-out connecting to debugging client, waited: 200 ms. Tried: localhost:9003 (fallback through xdebug.client_host/xdebug.client_port) :-(
[15-Jan-2023 15:56:38 UTC] Xdebug: [Step Debug] Time-out connecting to debugging client, waited: 200 ms. Tried: localhost:9003 (fallback through xdebug.client_host/xdebug.client_port) :-(
[15-Jan-2023 15:56:38 UTC] Xdebug: [Step Debug] Time-out connecting to debugging client, waited: 200 ms. Tried: localhost:9003 (fallback through xdebug.client_host/xdebug.client_port) :-(
[15-Jan-2023 15:56:38 UTC] Xdebug: [Step Debug] Time-out connecting to debugging client, waited: 200 ms. Tried: localhost:9003 (fallback through xdebug.client_host/xdebug.client_port) :-(
[15-Jan-2023 15:56:38 UTC] Xdebug: [Step Debug] Time-out connecting to debugging client, waited: 200 ms. Tried: localhost:9003 (fallback through xdebug.client_host/xdebug.client_port) :-(
[15-Jan-2023 15:56:38 UTC] Xdebug: [Step Debug] Time-out connecting to debugging client, waited: 200 ms. Tried: localhost:9003 (fallback through xdebug.client_host/xdebug.client_port) :-(
[15-Jan-2023 15:56:38 UTC] Xdebug: [Step Debug] Time-out connecting to debugging client, waited: 200 ms. Tried: localhost:9003 (fallback through xdebug.client_host/xdebug.client_port) :-(
[15-Jan-2023 15:56:38 UTC] Xdebug: [Step Debug] Time-out connecting to debugging client, waited: 200 ms. Tried: localhost:9003 (fallback through xdebug.client_host/xdebug.client_port) :-(
[15-Jan-2023 15:56:40 UTC] Xdebug: [Step Debug] Time-out connecting to debugging client, waited: 200 ms. Tried: localhost:9003 (fallback through xdebug.client_host/xdebug.client_port) :-(
[15-Jan-2023 15:56:40 UTC] Xdebug: [Step Debug] Time-out connecting to debugging client, waited: 200 ms. Tried: localhost:9003 (fallback through xdebug.client_host/xdebug.client_port) :-(
[15-Jan-2023 15:56:40 UTC] Xdebug: [Step Debug] Time-out connecting to debugging client, waited: 200 ms. Tried: localhost:9003 (fallback through xdebug.client_host/xdebug.client_port) :-(
[15-Jan-2023 15:56:40 UTC] Xdebug: [Step Debug] Time-out connecting to debugging client, waited: 200 ms. Tried: localhost:9003 (fallback through xdebug.client_host/xdebug.client_port) :-(
[15-Jan-2023 15:56:40 UTC] Xdebug: [Step Debug] Time-out connecting to debugging client, waited: 200 ms. Tried: localhost:9003 (fallback through xdebug.client_host/xdebug.client_port) :-(
[15-Jan-2023 15:56:41 UTC] Xdebug: [Step Debug] Time-out connecting to debugging client, waited: 200 ms. Tried: localhost:9003 (fallback through xdebug.client_host/xdebug.client_port) :-(
[15-Jan-2023 15:56:42 UTC] Xdebug: [Step Debug] Time-out connecting to debugging client, waited: 200 ms. Tried: localhost:9003 (fallback through xdebug.client_host/xdebug.client_port) :-(
[15-Jan-2023 15:56:42 UTC] Xdebug: [Step Debug] Time-out connecting to debugging client, waited: 200 ms. Tried: localhost:9003 (fallback through xdebug.client_host/xdebug.client_port) :-(
[15-Jan-2023 15:56:42 UTC] Xdebug: [Step Debug] Time-out connecting to debugging client, waited: 200 ms. Tried: localhost:9003 (fallback through xdebug.client_host/xdebug.client_port) :-(
[15-Jan-2023 15:56:42 UTC] Xdebug: [Step Debug] Time-out connecting to debugging client, waited: 200 ms. Tried: localhost:9003 (fallback through xdebug.client_host/xdebug.client_port) :-(
[15-Jan-2023 15:56:42 UTC] Xdebug: [Step Debug] Time-out connecting to debugging client, waited: 200 ms. Tried: localhost:9003 (fallback through xdebug.client_host/xdebug.client_port) :-(
[15-Jan-2023 15:56:42 UTC] Xdebug: [Step Debug] Time-out connecting to debugging client, waited: 200 ms. Tried: localhost:9003 (fallback through xdebug.client_host/xdebug.client_port) :-(
[15-Jan-2023 15:56:45 UTC] Xdebug: [Step Debug] Time-out connecting to debugging client, waited: 200 ms. Tried: localhost:9003 (fallback through xdebug.client_host/xdebug.client_port) :-(
[15-Jan-2023 15:56:45 UTC] Xdebug: [Step Debug] Time-out connecting to debugging client, waited: 200 ms. Tried: localhost:9003 (fallback through xdebug.client_host/xdebug.client_port) :-(
[15-Jan-2023 15:56:45 UTC] Xdebug: [Step Debug] Time-out connecting to debugging client, waited: 200 ms. Tried: localhost:9003 (fallback through xdebug.client_host/xdebug.client_port) :-(
[15-Jan-2023 15:56:47 UTC] Xdebug: [Step Debug] Time-out connecting to debugging client, waited: 200 ms. Tried: localhost:9003 (fallback through xdebug.client_host/xdebug.client_port) :-(
[15-Jan-2023 15:56:47 UTC] Xdebug: [Step Debug] Time-out connecting to debugging client, waited: 200 ms. Tried: localhost:9003 (fallback through xdebug.client_host/xdebug.client_port) :-(
[15-Jan-2023 15:56:47 UTC] Xdebug: [Step Debug] Time-out connecting to debugging client, waited: 200 ms. Tried: localhost:9003 (fallback through xdebug.client_host/xdebug.client_port) :-(
[15-Jan-2023 15:56:47 UTC] Xdebug: [Step Debug] Time-out connecting to debugging client, waited: 200 ms. Tried: localhost:9003 (fallback through xdebug.client_host/xdebug.client_port) :-(
[15-Jan-2023 15:56:47 UTC] Xdebug: [Step Debug] Time-out connecting to debugging client, waited: 200 ms. Tried: localhost:9003 (fallback through xdebug.client_host/xdebug.client_port) :-(
[15-Jan-2023 15:56:48 UTC] Xdebug: [Step Debug] Time-out connecting to debugging client, waited: 200 ms. Tried: localhost:9003 (fallback through xdebug.client_host/xdebug.client_port) :-(
[15-Jan-2023 15:56:48 UTC] Xdebug: [Step Debug] Time-out connecting to debugging client, waited: 200 ms. Tried: localhost:9003 (fallback through xdebug.client_host/xdebug.client_port) :-(
[15-Jan-2023 15:56:48 UTC] Xdebug: [Step Debug] Time-out connecting to debugging client, waited: 200 ms. Tried: localhost:9003 (fallback through xdebug.client_host/xdebug.client_port) :-(
[15-Jan-2023 15:56:48 UTC] Xdebug: [Step Debug] Time-out connecting to debugging client, waited: 200 ms. Tried: localhost:9003 (fallback through xdebug.client_host/xdebug.client_port) :-(
[15-Jan-2023 15:56:48 UTC] Xdebug: [Step Debug] Time-out connecting to debugging client, waited: 200 ms. Tried: localhost:9003 (fallback through xdebug.client_host/xdebug.client_port) :-(
[15-Jan-2023 15:56:48 UTC] Xdebug: [Step Debug] Time-out connecting to debugging client, waited: 200 ms. Tried: localhost:9003 (fallback through xdebug.client_host/xdebug.client_port) :-(
[15-Jan-2023 15:56:48 UTC] Xdebug: [Step Debug] Time-out connecting to debugging client, waited: 200 ms. Tried: localhost:9003 (fallback through xdebug.client_host/xdebug.client_port) :-(
[15-Jan-2023 15:56:48 UTC] Xdebug: [Step Debug] Time-out connecting to debugging client, waited: 200 ms. Tried: localhost:9003 (fallback through xdebug.client_host/xdebug.client_port) :-(
[15-Jan-2023 15:56:48 UTC] Xdebug: [Step Debug] Time-out connecting to debugging client, waited: 200 ms. Tried: localhost:9003 (fallback through xdebug.client_host/xdebug.client_port) :-(
[15-Jan-2023 15:56:48 UTC] Xdebug: [Step Debug] Time-out connecting to debugging client, waited: 200 ms. Tried: localhost:9003 (fallback through xdebug.client_host/xdebug.client_port) :-(
[15-Jan-2023 15:56:48 UTC] Xdebug: [Step Debug] Time-out connecting to debugging client, waited: 200 ms. Tried: localhost:9003 (fallback through xdebug.client_host/xdebug.client_port) :-(
[15-Jan-2023 15:56:49 UTC] Xdebug: [Step Debug] Time-out connecting to debugging client, waited: 200 ms. Tried: localhost:9003 (fallback through xdebug.client_host/xdebug.client_port) :-(
[15-Jan-2023 15:56:49 UTC] Xdebug: [Step Debug] Time-out connecting to debugging client, waited: 200 ms. Tried: localhost:9003 (fallback through xdebug.client_host/xdebug.client_port) :-(
[15-Jan-2023 15:57:41 UTC] Xdebug: [Step Debug] Time-out connecting to debugging client, waited: 200 ms. Tried: localhost:9003 (fallback through xdebug.client_host/xdebug.client_port) :-(
[15-Jan-2023 15:57:41 UTC] Xdebug: [Step Debug] Time-out connecting to debugging client, waited: 200 ms. Tried: localhost:9003 (fallback through xdebug.client_host/xdebug.client_port) :-(
[15-Jan-2023 15:57:41 UTC] Xdebug: [Step Debug] Time-out connecting to debugging client, waited: 200 ms. Tried: localhost:9003 (fallback through xdebug.client_host/xdebug.client_port) :-(
[15-Jan-2023 15:57:41 UTC] Xdebug: [Step Debug] Time-out connecting to debugging client, waited: 200 ms. Tried: localhost:9003 (fallback through xdebug.client_host/xdebug.client_port) :-(
[15-Jan-2023 15:57:41 UTC] Xdebug: [Step Debug] Time-out connecting to debugging client, waited: 200 ms. Tried: localhost:9003 (fallback through xdebug.client_host/xdebug.client_port) :-(
[15-Jan-2023 15:57:42 UTC] Xdebug: [Step Debug] Time-out connecting to debugging client, waited: 200 ms. Tried: localhost:9003 (fallback through xdebug.client_host/xdebug.client_port) :-(
[15-Jan-2023 15:57:42 UTC] Xdebug: [Step Debug] Time-out connecting to debugging client, waited: 200 ms. Tried: localhost:9003 (fallback through xdebug.client_host/xdebug.client_port) :-(
[15-Jan-2023 15:57:42 UTC] Xdebug: [Step Debug] Time-out connecting to debugging client, waited: 200 ms. Tried: localhost:9003 (fallback through xdebug.client_host/xdebug.client_port) :-(
[15-Jan-2023 15:57:43 UTC] Xdebug: [Step Debug] Time-out connecting to debugging client, waited: 200 ms. Tried: localhost:9003 (fallback through xdebug.client_host/xdebug.client_port) :-(
[15-Jan-2023 15:57:43 UTC] Xdebug: [Step Debug] Time-out connecting to debugging client, waited: 200 ms. Tried: localhost:9003 (fallback through xdebug.client_host/xdebug.client_port) :-(
[15-Jan-2023 15:57:43 UTC] Xdebug: [Step Debug] Time-out connecting to debugging client, waited: 200 ms. Tried: localhost:9003 (fallback through xdebug.client_host/xdebug.client_port) :-(
[15-Jan-2023 15:57:44 UTC] Xdebug: [Step Debug] Time-out connecting to debugging client, waited: 200 ms. Tried: localhost:9003 (fallback through xdebug.client_host/xdebug.client_port) :-(
[15-Jan-2023 15:57:44 UTC] Xdebug: [Step Debug] Time-out connecting to debugging client, waited: 200 ms. Tried: localhost:9003 (fallback through xdebug.client_host/xdebug.client_port) :-(
[15-Jan-2023 15:57:44 UTC] Xdebug: [Step Debug] Time-out connecting to debugging client, waited: 200 ms. Tried: localhost:9003 (fallback through xdebug.client_host/xdebug.client_port) :-(
[15-Jan-2023 15:57:46 UTC] Xdebug: [Step Debug] Time-out connecting to debugging client, waited: 200 ms. Tried: localhost:9003 (fallback through xdebug.client_host/xdebug.client_port) :-(
[15-Jan-2023 15:57:46 UTC] Xdebug: [Step Debug] Time-out connecting to debugging client, waited: 200 ms. Tried: localhost:9003 (fallback through xdebug.client_host/xdebug.client_port) :-(
[15-Jan-2023 15:57:46 UTC] Xdebug: [Step Debug] Time-out connecting to debugging client, waited: 200 ms. Tried: localhost:9003 (fallback through xdebug.client_host/xdebug.client_port) :-(
[15-Jan-2023 15:57:46 UTC] Xdebug: [Step Debug] Time-out connecting to debugging client, waited: 200 ms. Tried: localhost:9003 (fallback through xdebug.client_host/xdebug.client_port) :-(
[15-Jan-2023 15:57:46 UTC] Xdebug: [Step Debug] Time-out connecting to debugging client, waited: 200 ms. Tried: localhost:9003 (fallback through xdebug.client_host/xdebug.client_port) :-(
[15-Jan-2023 15:57:46 UTC] Xdebug: [Step Debug] Time-out connecting to debugging client, waited: 200 ms. Tried: localhost:9003 (fallback through xdebug.client_host/xdebug.client_port) :-(
[15-Jan-2023 15:57:48 UTC] Xdebug: [Step Debug] Time-out connecting to debugging client, waited: 200 ms. Tried: localhost:9003 (fallback through xdebug.client_host/xdebug.client_port) :-(
[15-Jan-2023 15:57:49 UTC] Xdebug: [Step Debug] Time-out connecting to debugging client, waited: 200 ms. Tried: localhost:9003 (fallback through xdebug.client_host/xdebug.client_port) :-(
[15-Jan-2023 15:57:49 UTC] Xdebug: [Step Debug] Time-out connecting to debugging client, waited: 200 ms. Tried: localhost:9003 (fallback through xdebug.client_host/xdebug.client_port) :-(
[15-Jan-2023 15:57:50 UTC] Xdebug: [Step Debug] Time-out connecting to debugging client, waited: 200 ms. Tried: localhost:9003 (fallback through xdebug.client_host/xdebug.client_port) :-(
[15-Jan-2023 15:57:50 UTC] Xdebug: [Step Debug] Time-out connecting to debugging client, waited: 200 ms. Tried: localhost:9003 (fallback through xdebug.client_host/xdebug.client_port) :-(
[15-Jan-2023 15:57:50 UTC] Xdebug: [Step Debug] Time-out connecting to debugging client, waited: 200 ms. Tried: localhost:9003 (fallback through xdebug.client_host/xdebug.client_port) :-(
[15-Jan-2023 15:57:50 UTC] Xdebug: [Step Debug] Time-out connecting to debugging client, waited: 200 ms. Tried: localhost:9003 (fallback through xdebug.client_host/xdebug.client_port) :-(
[15-Jan-2023 15:57:51 UTC] Xdebug: [Step Debug] Time-out connecting to debugging client, waited: 200 ms. Tried: localhost:9003 (fallback through xdebug.client_host/xdebug.client_port) :-(
[15-Jan-2023 15:57:51 UTC] Xdebug: [Step Debug] Time-out connecting to debugging client, waited: 200 ms. Tried: localhost:9003 (fallback through xdebug.client_host/xdebug.client_port) :-(
[15-Jan-2023 15:57:52 UTC] Xdebug: [Step Debug] Time-out connecting to debugging client, waited: 200 ms. Tried: localhost:9003 (fallback through xdebug.client_host/xdebug.client_port) :-(
[15-Jan-2023 15:57:52 UTC] Xdebug: [Step Debug] Time-out connecting to debugging client, waited: 200 ms. Tried: localhost:9003 (fallback through xdebug.client_host/xdebug.client_port) :-(
[15-Jan-2023 15:57:53 UTC] Xdebug: [Step Debug] Time-out connecting to debugging client, waited: 200 ms. Tried: localhost:9003 (fallback through xdebug.client_host/xdebug.client_port) :-(
[15-Jan-2023 15:57:57 UTC] Xdebug: [Step Debug] Time-out connecting to debugging client, waited: 200 ms. Tried: localhost:9003 (fallback through xdebug.client_host/xdebug.client_port) :-(
[15-Jan-2023 15:57:57 UTC] Xdebug: [Step Debug] Time-out connecting to debugging client, waited: 200 ms. Tried: localhost:9003 (fallback through xdebug.client_host/xdebug.client_port) :-(
[15-Jan-2023 15:57:57 UTC] Xdebug: [Step Debug] Time-out connecting to debugging client, waited: 200 ms. Tried: localhost:9003 (fallback through xdebug.client_host/xdebug.client_port) :-(
[15-Jan-2023 15:57:57 UTC] Xdebug: [Step Debug] Time-out connecting to debugging client, waited: 200 ms. Tried: localhost:9003 (fallback through xdebug.client_host/xdebug.client_port) :-(
[15-Jan-2023 15:57:57 UTC] Xdebug: [Step Debug] Time-out connecting to debugging client, waited: 200 ms. Tried: localhost:9003 (fallback through xdebug.client_host/xdebug.client_port) :-(
[15-Jan-2023 15:57:57 UTC] Xdebug: [Step Debug] Time-out connecting to debugging client, waited: 200 ms. Tried: localhost:9003 (fallback through xdebug.client_host/xdebug.client_port) :-(
[15-Jan-2023 15:57:57 UTC] Xdebug: [Step Debug] Time-out connecting to debugging client, waited: 200 ms. Tried: localhost:9003 (fallback through xdebug.client_host/xdebug.client_port) :-(
[15-Jan-2023 15:57:57 UTC] Xdebug: [Step Debug] Time-out connecting to debugging client, waited: 200 ms. Tried: localhost:9003 (fallback through xdebug.client_host/xdebug.client_port) :-(
[15-Jan-2023 15:57:58 UTC] Xdebug: [Step Debug] Time-out connecting to debugging client, waited: 200 ms. Tried: localhost:9003 (fallback through xdebug.client_host/xdebug.client_port) :-(
[15-Jan-2023 15:57:58 UTC] Xdebug: [Step Debug] Time-out connecting to debugging client, waited: 200 ms. Tried: localhost:9003 (fallback through xdebug.client_host/xdebug.client_port) :-(
[15-Jan-2023 15:57:58 UTC] Xdebug: [Step Debug] Time-out connecting to debugging client, waited: 200 ms. Tried: localhost:9003 (fallback through xdebug.client_host/xdebug.client_port) :-(
[15-Jan-2023 15:57:59 UTC] Xdebug: [Step Debug] Time-out connecting to debugging client, waited: 200 ms. Tried: localhost:9003 (fallback through xdebug.client_host/xdebug.client_port) :-(
[15-Jan-2023 15:57:59 UTC] Xdebug: [Step Debug] Time-out connecting to debugging client, waited: 200 ms. Tried: localhost:9003 (fallback through xdebug.client_host/xdebug.client_port) :-(
[15-Jan-2023 15:57:59 UTC] Xdebug: [Step Debug] Time-out connecting to debugging client, waited: 200 ms. Tried: localhost:9003 (fallback through xdebug.client_host/xdebug.client_port) :-(
[15-Jan-2023 15:58:00 UTC] Xdebug: [Step Debug] Time-out connecting to debugging client, waited: 200 ms. Tried: localhost:9003 (fallback through xdebug.client_host/xdebug.client_port) :-(
[15-Jan-2023 15:58:00 UTC] Xdebug: [Step Debug] Time-out connecting to debugging client, waited: 200 ms. Tried: localhost:9003 (fallback through xdebug.client_host/xdebug.client_port) :-(
[15-Jan-2023 15:58:00 UTC] Xdebug: [Step Debug] Time-out connecting to debugging client, waited: 200 ms. Tried: localhost:9003 (fallback through xdebug.client_host/xdebug.client_port) :-(
[15-Jan-2023 15:58:00 UTC] Xdebug: [Step Debug] Time-out connecting to debugging client, waited: 200 ms. Tried: localhost:9003 (fallback through xdebug.client_host/xdebug.client_port) :-(
[15-Jan-2023 15:58:01 UTC] Xdebug: [Step Debug] Time-out connecting to debugging client, waited: 200 ms. Tried: localhost:9003 (fallback through xdebug.client_host/xdebug.client_port) :-(
[15-Jan-2023 15:58:01 UTC] Xdebug: [Step Debug] Time-out connecting to debugging client, waited: 200 ms. Tried: localhost:9003 (fallback through xdebug.client_host/xdebug.client_port) :-(
[15-Jan-2023 15:58:03 UTC] Xdebug: [Step Debug] Time-out connecting to debugging client, waited: 200 ms. Tried: localhost:9003 (fallback through xdebug.client_host/xdebug.client_port) :-(
[15-Jan-2023 15:58:03 UTC] Xdebug: [Step Debug] Time-out connecting to debugging client, waited: 200 ms. Tried: localhost:9003 (fallback through xdebug.client_host/xdebug.client_port) :-(
[15-Jan-2023 15:58:04 UTC] Xdebug: [Step Debug] Time-out connecting to debugging client, waited: 200 ms. Tried: localhost:9003 (fallback through xdebug.client_host/xdebug.client_port) :-(
[15-Jan-2023 15:58:08 UTC] Xdebug: [Step Debug] Time-out connecting to debugging client, waited: 200 ms. Tried: localhost:9003 (fallback through xdebug.client_host/xdebug.client_port) :-(
[15-Jan-2023 15:58:08 UTC] Xdebug: [Step Debug] Time-out connecting to debugging client, waited: 200 ms. Tried: localhost:9003 (fallback through xdebug.client_host/xdebug.client_port) :-(
[15-Jan-2023 15:58:09 UTC] Xdebug: [Step Debug] Time-out connecting to debugging client, waited: 200 ms. Tried: localhost:9003 (fallback through xdebug.client_host/xdebug.client_port) :-(
[15-Jan-2023 15:58:10 UTC] Xdebug: [Step Debug] Time-out connecting to debugging client, waited: 200 ms. Tried: localhost:9003 (fallback through xdebug.client_host/xdebug.client_port) :-(
[15-Jan-2023 15:58:10 UTC] Xdebug: [Step Debug] Time-out connecting to debugging client, waited: 200 ms. Tried: localhost:9003 (fallback through xdebug.client_host/xdebug.client_port) :-(
[15-Jan-2023 15:58:11 UTC] Xdebug: [Step Debug] Time-out connecting to debugging client, waited: 200 ms. Tried: localhost:9003 (fallback through xdebug.client_host/xdebug.client_port) :-(
[15-Jan-2023 15:58:13 UTC] Xdebug: [Step Debug] Time-out connecting to debugging client, waited: 200 ms. Tried: localhost:9003 (fallback through xdebug.client_host/xdebug.client_port) :-(
[15-Jan-2023 15:58:13 UTC] Xdebug: [Step Debug] Time-out connecting to debugging client, waited: 200 ms. Tried: localhost:9003 (fallback through xdebug.client_host/xdebug.client_port) :-(
[15-Jan-2023 15:58:13 UTC] Xdebug: [Step Debug] Time-out connecting to debugging client, waited: 200 ms. Tried: localhost:9003 (fallback through xdebug.client_host/xdebug.client_port) :-(
[15-Jan-2023 15:58:13 UTC] Xdebug: [Step Debug] Time-out connecting to debugging client, waited: 200 ms. Tried: localhost:9003 (fallback through xdebug.client_host/xdebug.client_port) :-(
[15-Jan-2023 15:58:13 UTC] Xdebug: [Step Debug] Time-out connecting to debugging client, waited: 200 ms. Tried: localhost:9003 (fallback through xdebug.client_host/xdebug.client_port) :-(
[15-Jan-2023 15:58:13 UTC] Xdebug: [Step Debug] Time-out connecting to debugging client, waited: 200 ms. Tried: localhost:9003 (fallback through xdebug.client_host/xdebug.client_port) :-(
[15-Jan-2023 15:58:13 UTC] Xdebug: [Step Debug] Time-out connecting to debugging client, waited: 200 ms. Tried: localhost:9003 (fallback through xdebug.client_host/xdebug.client_port) :-(
[15-Jan-2023 15:58:14 UTC] Xdebug: [Step Debug] Time-out connecting to debugging client, waited: 200 ms. Tried: localhost:9003 (fallback through xdebug.client_host/xdebug.client_port) :-(
[15-Jan-2023 15:58:14 UTC] Xdebug: [Step Debug] Time-out connecting to debugging client, waited: 200 ms. Tried: localhost:9003 (fallback through xdebug.client_host/xdebug.client_port) :-(
[15-Jan-2023 15:58:14 UTC] Xdebug: [Step Debug] Time-out connecting to debugging client, waited: 200 ms. Tried: localhost:9003 (fallback through xdebug.client_host/xdebug.client_port) :-(
[15-Jan-2023 15:58:14 UTC] Xdebug: [Step Debug] Time-out connecting to debugging client, waited: 200 ms. Tried: localhost:9003 (fallback through xdebug.client_host/xdebug.client_port) :-(
[15-Jan-2023 15:58:14 UTC] Xdebug: [Step Debug] Time-out connecting to debugging client, waited: 200 ms. Tried: localhost:9003 (fallback through xdebug.client_host/xdebug.client_port) :-(
[15-Jan-2023 15:59:00 UTC] Xdebug: [Step Debug] Time-out connecting to debugging client, waited: 200 ms. Tried: localhost:9003 (fallback through xdebug.client_host/xdebug.client_port) :-(
[15-Jan-2023 15:59:00 UTC] Xdebug: [Step Debug] Time-out connecting to debugging client, waited: 200 ms. Tried: localhost:9003 (fallback through xdebug.client_host/xdebug.client_port) :-(
[15-Jan-2023 15:59:03 UTC] Xdebug: [Step Debug] Time-out connecting to debugging client, waited: 200 ms. Tried: localhost:9003 (fallback through xdebug.client_host/xdebug.client_port) :-(
[15-Jan-2023 15:59:03 UTC] Xdebug: [Step Debug] Time-out connecting to debugging client, waited: 200 ms. Tried: localhost:9003 (fallback through xdebug.client_host/xdebug.client_port) :-(
[15-Jan-2023 17:57:30 UTC] PHP Warning:  Attempt to read property "title" on null in C:\Users\USER\Local Sites\mercedes\app\public\wp-includes\class-wp-customize-widgets.php on line 900
[15-Jan-2023 18:13:20 UTC] PHP Warning:  Attempt to read property "title" on null in C:\Users\USER\Local Sites\mercedes\app\public\wp-includes\class-wp-customize-widgets.php on line 900
[15-Jan-2023 18:20:25 UTC] PHP Warning:  Attempt to read property "title" on null in C:\Users\USER\Local Sites\mercedes\app\public\wp-includes\class-wp-customize-widgets.php on line 900
[15-Jan-2023 18:29:40 UTC] PHP Warning:  Undefined array key "installing" in C:\Users\USER\Local Sites\mercedes\app\public\wp-content\plugins\customify-sites\classess\class-tgm.php on line 857
[15-Jan-2023 18:29:43 UTC] PHP Warning:  Undefined array key "return" in C:\Users\USER\Local Sites\mercedes\app\public\wp-content\plugins\customify-sites\classess\class-tgm.php on line 914
[15-Jan-2023 18:29:44 UTC] PHP Warning:  Undefined array key "installing" in C:\Users\USER\Local Sites\mercedes\app\public\wp-content\plugins\customify-sites\classess\class-tgm.php on line 857
[15-Jan-2023 18:30:06 UTC] PHP Warning:  Undefined array key "return" in C:\Users\USER\Local Sites\mercedes\app\public\wp-content\plugins\customify-sites\classess\class-tgm.php on line 914
[15-Jan-2023 18:30:26 UTC] PHP Warning:  Undefined array key "installing" in C:\Users\USER\Local Sites\mercedes\app\public\wp-content\plugins\customify-sites\classess\class-tgm.php on line 857
[15-Jan-2023 18:31:42 UTC] PHP Warning:  Undefined array key "return" in C:\Users\USER\Local Sites\mercedes\app\public\wp-content\plugins\customify-sites\classess\class-tgm.php on line 914
[15-Jan-2023 18:34:17 UTC] PHP Warning:  Undefined array key "installing" in C:\Users\USER\Local Sites\mercedes\app\public\wp-content\plugins\customify-sites\classess\class-tgm.php on line 857
[15-Jan-2023 18:34:37 UTC] PHP Warning:  Undefined array key "return" in C:\Users\USER\Local Sites\mercedes\app\public\wp-content\plugins\customify-sites\classess\class-tgm.php on line 914
[15-Jan-2023 18:58:01 UTC] PHP Warning:  Attempt to read property "post_count" on null in C:\Users\USER\Local Sites\mercedes\app\public\wp-content\plugins\woocommerce\includes\widgets\class-wc-widget-price-filter.php on line 80
[15-Jan-2023 18:58:01 UTC] PHP Warning:  Attempt to read property "post_count" on null in C:\Users\USER\Local Sites\mercedes\app\public\wp-content\plugins\woocommerce\includes\widgets\class-wc-widget-rating-filter.php on line 94
[15-Jan-2023 18:58:19 UTC] PHP Warning:  Attempt to read property "post_count" on null in C:\Users\USER\Local Sites\mercedes\app\public\wp-content\plugins\woocommerce\includes\widgets\class-wc-widget-price-filter.php on line 80
[15-Jan-2023 18:58:19 UTC] PHP Warning:  Attempt to read property "post_count" on null in C:\Users\USER\Local Sites\mercedes\app\public\wp-content\plugins\woocommerce\includes\widgets\class-wc-widget-rating-filter.php on line 94
[15-Jan-2023 19:14:27 UTC] PHP Warning:  Attempt to read property "post_count" on null in C:\Users\USER\Local Sites\mercedes\app\public\wp-content\plugins\woocommerce\includes\widgets\class-wc-widget-price-filter.php on line 80
[15-Jan-2023 19:14:27 UTC] PHP Warning:  Attempt to read property "post_count" on null in C:\Users\USER\Local Sites\mercedes\app\public\wp-content\plugins\woocommerce\includes\widgets\class-wc-widget-rating-filter.php on line 94
[15-Jan-2023 19:16:47 UTC] PHP Warning:  Attempt to read property "post_count" on null in C:\Users\USER\Local Sites\mercedes\app\public\wp-content\plugins\woocommerce\includes\widgets\class-wc-widget-price-filter.php on line 80
[15-Jan-2023 19:16:47 UTC] PHP Warning:  Attempt to read property "post_count" on null in C:\Users\USER\Local Sites\mercedes\app\public\wp-content\plugins\woocommerce\includes\widgets\class-wc-widget-rating-filter.php on line 94
[15-Jan-2023 19:19:06 UTC] PHP Warning:  Attempt to read property "post_count" on null in C:\Users\USER\Local Sites\mercedes\app\public\wp-content\plugins\woocommerce\includes\widgets\class-wc-widget-price-filter.php on line 80
[15-Jan-2023 19:19:06 UTC] PHP Warning:  Attempt to read property "post_count" on null in C:\Users\USER\Local Sites\mercedes\app\public\wp-content\plugins\woocommerce\includes\widgets\class-wc-widget-rating-filter.php on line 94
[20-Jan-2023 15:04:15 UTC] PHP Warning:  Trying to access array offset on value of type bool in C:\Users\USER\Local Sites\mercedes\app\public\wp-content\plugins\elementor\includes\managers\image.php on line 108
[20-Jan-2023 15:04:15 UTC] PHP Warning:  Trying to access array offset on value of type bool in C:\Users\USER\Local Sites\mercedes\app\public\wp-content\plugins\elementor\includes\managers\image.php on line 108
[20-Jan-2023 15:04:15 UTC] PHP Warning:  Trying to access array offset on value of type bool in C:\Users\USER\Local Sites\mercedes\app\public\wp-content\plugins\elementor\includes\managers\image.php on line 108
[20-Jan-2023 15:04:15 UTC] PHP Warning:  Trying to access array offset on value of type bool in C:\Users\USER\Local Sites\mercedes\app\public\wp-content\plugins\elementor\includes\managers\image.php on line 108
[20-Jan-2023 15:04:15 UTC] PHP Warning:  Trying to access array offset on value of type bool in C:\Users\USER\Local Sites\mercedes\app\public\wp-content\plugins\elementor\includes\managers\image.php on line 108
[20-Jan-2023 15:04:15 UTC] PHP Warning:  Trying to access array offset on value of type bool in C:\Users\USER\Local Sites\mercedes\app\public\wp-content\plugins\elementor\includes\managers\image.php on line 108
[20-Jan-2023 15:04:15 UTC] PHP Warning:  Trying to access array offset on value of type bool in C:\Users\USER\Local Sites\mercedes\app\public\wp-content\plugins\elementor\includes\managers\image.php on line 108
[20-Jan-2023 15:04:15 UTC] PHP Warning:  Trying to access array offset on value of type bool in C:\Users\USER\Local Sites\mercedes\app\public\wp-content\plugins\elementor\includes\managers\image.php on line 108
[20-Jan-2023 15:04:15 UTC] PHP Warning:  Trying to access array offset on value of type bool in C:\Users\USER\Local Sites\mercedes\app\public\wp-content\plugins\elementor\includes\managers\image.php on line 108
[20-Jan-2023 15:04:15 UTC] PHP Warning:  Trying to access array offset on value of type bool in C:\Users\USER\Local Sites\mercedes\app\public\wp-content\plugins\elementor\includes\managers\image.php on line 108
[20-Jan-2023 15:04:15 UTC] PHP Warning:  Trying to access array offset on value of type bool in C:\Users\USER\Local Sites\mercedes\app\public\wp-content\plugins\elementor\includes\managers\image.php on line 108
[20-Jan-2023 15:04:15 UTC] PHP Warning:  Trying to access array offset on value of type bool in C:\Users\USER\Local Sites\mercedes\app\public\wp-content\plugins\elementor\includes\managers\image.php on line 108
[20-Jan-2023 15:04:15 UTC] PHP Warning:  Trying to access array offset on value of type bool in C:\Users\USER\Local Sites\mercedes\app\public\wp-content\plugins\elementor\includes\managers\image.php on line 108
[20-Jan-2023 15:04:15 UTC] PHP Warning:  Trying to access array offset on value of type bool in C:\Users\USER\Local Sites\mercedes\app\public\wp-content\plugins\elementor\includes\managers\image.php on line 108
[20-Jan-2023 15:04:15 UTC] PHP Warning:  Trying to access array offset on value of type bool in C:\Users\USER\Local Sites\mercedes\app\public\wp-content\plugins\elementor\includes\managers\image.php on line 108
[20-Jan-2023 15:04:15 UTC] PHP Warning:  Trying to access array offset on value of type bool in C:\Users\USER\Local Sites\mercedes\app\public\wp-content\plugins\elementor\includes\managers\image.php on line 108
[20-Jan-2023 15:04:15 UTC] PHP Warning:  Trying to access array offset on value of type bool in C:\Users\USER\Local Sites\mercedes\app\public\wp-content\plugins\elementor\includes\managers\image.php on line 108
[20-Jan-2023 15:04:15 UTC] PHP Warning:  Trying to access array offset on value of type bool in C:\Users\USER\Local Sites\mercedes\app\public\wp-content\plugins\elementor\includes\managers\image.php on line 108
[20-Jan-2023 15:04:15 UTC] PHP Warning:  Trying to access array offset on value of type bool in C:\Users\USER\Local Sites\mercedes\app\public\wp-content\plugins\elementor\includes\managers\image.php on line 108
[20-Jan-2023 15:04:15 UTC] PHP Warning:  Trying to access array offset on value of type bool in C:\Users\USER\Local Sites\mercedes\app\public\wp-content\plugins\elementor\includes\managers\image.php on line 108
[20-Jan-2023 15:04:15 UTC] PHP Warning:  Trying to access array offset on value of type bool in C:\Users\USER\Local Sites\mercedes\app\public\wp-content\plugins\elementor\includes\managers\image.php on line 108
[20-Jan-2023 15:04:15 UTC] PHP Warning:  Trying to access array offset on value of type bool in C:\Users\USER\Local Sites\mercedes\app\public\wp-content\plugins\elementor\includes\managers\image.php on line 108
[20-Jan-2023 15:34:40 UTC] PHP Warning:  Trying to access array offset on value of type bool in C:\Users\USER\Local Sites\mercedes\app\public\wp-content\plugins\elementor\includes\managers\image.php on line 108
[20-Jan-2023 15:34:40 UTC] PHP Warning:  Trying to access array offset on value of type bool in C:\Users\USER\Local Sites\mercedes\app\public\wp-content\plugins\elementor\includes\managers\image.php on line 108
[20-Jan-2023 15:34:40 UTC] PHP Warning:  Trying to access array offset on value of type bool in C:\Users\USER\Local Sites\mercedes\app\public\wp-content\plugins\elementor\includes\managers\image.php on line 108
[20-Jan-2023 15:34:40 UTC] PHP Warning:  Trying to access array offset on value of type bool in C:\Users\USER\Local Sites\mercedes\app\public\wp-content\plugins\elementor\includes\managers\image.php on line 108
[20-Jan-2023 15:34:40 UTC] PHP Warning:  Trying to access array offset on value of type bool in C:\Users\USER\Local Sites\mercedes\app\public\wp-content\plugins\elementor\includes\managers\image.php on line 108
[20-Jan-2023 15:34:40 UTC] PHP Warning:  Trying to access array offset on value of type bool in C:\Users\USER\Local Sites\mercedes\app\public\wp-content\plugins\elementor\includes\managers\image.php on line 108
[20-Jan-2023 15:34:40 UTC] PHP Warning:  Trying to access array offset on value of type bool in C:\Users\USER\Local Sites\mercedes\app\public\wp-content\plugins\elementor\includes\managers\image.php on line 108
[20-Jan-2023 15:34:40 UTC] PHP Warning:  Trying to access array offset on value of type bool in C:\Users\USER\Local Sites\mercedes\app\public\wp-content\plugins\elementor\includes\managers\image.php on line 108
[20-Jan-2023 15:34:40 UTC] PHP Warning:  Trying to access array offset on value of type bool in C:\Users\USER\Local Sites\mercedes\app\public\wp-content\plugins\elementor\includes\managers\image.php on line 108
[20-Jan-2023 15:34:40 UTC] PHP Warning:  Trying to access array offset on value of type bool in C:\Users\USER\Local Sites\mercedes\app\public\wp-content\plugins\elementor\includes\managers\image.php on line 108
[20-Jan-2023 15:34:40 UTC] PHP Warning:  Trying to access array offset on value of type bool in C:\Users\USER\Local Sites\mercedes\app\public\wp-content\plugins\elementor\includes\managers\image.php on line 108
[20-Jan-2023 15:34:40 UTC] PHP Warning:  Trying to access array offset on value of type bool in C:\Users\USER\Local Sites\mercedes\app\public\wp-content\plugins\elementor\includes\managers\image.php on line 108
[20-Jan-2023 15:34:40 UTC] PHP Warning:  Trying to access array offset on value of type bool in C:\Users\USER\Local Sites\mercedes\app\public\wp-content\plugins\elementor\includes\managers\image.php on line 108
[20-Jan-2023 15:34:40 UTC] PHP Warning:  Trying to access array offset on value of type bool in C:\Users\USER\Local Sites\mercedes\app\public\wp-content\plugins\elementor\includes\managers\image.php on line 108
[20-Jan-2023 15:34:40 UTC] PHP Warning:  Trying to access array offset on value of type bool in C:\Users\USER\Local Sites\mercedes\app\public\wp-content\plugins\elementor\includes\managers\image.php on line 108
[20-Jan-2023 15:34:40 UTC] PHP Warning:  Trying to access array offset on value of type bool in C:\Users\USER\Local Sites\mercedes\app\public\wp-content\plugins\elementor\includes\managers\image.php on line 108
[20-Jan-2023 15:34:40 UTC] PHP Warning:  Trying to access array offset on value of type bool in C:\Users\USER\Local Sites\mercedes\app\public\wp-content\plugins\elementor\includes\managers\image.php on line 108
[20-Jan-2023 15:34:40 UTC] PHP Warning:  Trying to access array offset on value of type bool in C:\Users\USER\Local Sites\mercedes\app\public\wp-content\plugins\elementor\includes\managers\image.php on line 108
[20-Jan-2023 15:34:40 UTC] PHP Warning:  Trying to access array offset on value of type bool in C:\Users\USER\Local Sites\mercedes\app\public\wp-content\plugins\elementor\includes\managers\image.php on line 108
[20-Jan-2023 15:34:40 UTC] PHP Warning:  Trying to access array offset on value of type bool in C:\Users\USER\Local Sites\mercedes\app\public\wp-content\plugins\elementor\includes\managers\image.php on line 108
[20-Jan-2023 15:34:40 UTC] PHP Warning:  Trying to access array offset on value of type bool in C:\Users\USER\Local Sites\mercedes\app\public\wp-content\plugins\elementor\includes\managers\image.php on line 108
[20-Jan-2023 15:34:40 UTC] PHP Warning:  Trying to access array offset on value of type bool in C:\Users\USER\Local Sites\mercedes\app\public\wp-content\plugins\elementor\includes\managers\image.php on line 108
